<?xml version="1.0" encoding="UTF-8"?>
<!-- Generated by org.testng.reporters.JUnitReportReporter -->
<testsuite hostname="LIN41004776" failures="0" tests="1" name="testrunner.LandingPage_TestRunner_Excel" time="1.417" errors="1" timestamp="2023-06-06T23:42:08 IST" skipped="0">
  <testcase classname="testrunner.LandingPage_TestRunner_Excel" name="setUpClass" time="1.417">
    <error message="Failed to parse resource at: file:///C:/Users/HEYANDRA/eclipse-workspace-Sprint/AsianPaints_LandingPage_Hemakiran_Yandra/src/test/resources/features/LandingPageExcel.feature
(1:1): expected: #EOF, #Language, #TagLine, #FeatureLine, #Comment, #Empty, got &#039;Scenario Outline: Verify Find a store functionality with valid details&#039;
(2:5): expected: #EOF, #Language, #TagLine, #FeatureLine, #Comment, #Empty, got &#039;Given Chrome is opened and Asian Paints app is opened&#039;
(3:5): expected: #EOF, #Language, #TagLine, #FeatureLine, #Comment, #Empty, got &#039;When User search the product&#039;
(4:4): expected: #EOF, #Language, #TagLine, #FeatureLine, #Comment, #Empty, got &#039;Then User navigates to the Product List page&#039;
(5:5): expected: #EOF, #Language, #TagLine, #FeatureLine, #Comment, #Empty, got &#039;When User fills the pincode from given sheetname &quot;&lt;SheetName&gt;&quot; and rownumber &lt;RowNumber&gt;&#039;
(6:5): expected: #EOF, #Language, #TagLine, #FeatureLine, #Comment, #Empty, got &#039;And User clicks on Go button&#039;
(7:5): expected: #EOF, #Language, #TagLine, #FeatureLine, #Comment, #Empty, got &#039;Then Application shows the stores near you&#039;
(9:5): expected: #EOF, #Language, #TagLine, #FeatureLine, #Comment, #Empty, got &#039;Examples:&#039;
(10:5): expected: #EOF, #Language, #TagLine, #FeatureLine, #Comment, #Empty, got &#039;| SheetName | RowNumber |&#039;
(11:4): expected: #EOF, #Language, #TagLine, #FeatureLine, #Comment, #Empty, got &#039;| Sheet1    | 0         |&#039;
(12:4): expected: #EOF, #Language, #TagLine, #FeatureLine, #Comment, #Empty, got &#039;| Sheet1    | 1         |&#039;" type="io.cucumber.core.gherkin.FeatureParserException">
      <![CDATA[io.cucumber.core.gherkin.FeatureParserException: Failed to parse resource at: file:///C:/Users/HEYANDRA/eclipse-workspace-Sprint/AsianPaints_LandingPage_Hemakiran_Yandra/src/test/resources/features/LandingPageExcel.feature
(1:1): expected: #EOF, #Language, #TagLine, #FeatureLine, #Comment, #Empty, got 'Scenario Outline: Verify Find a store functionality with valid details'
(2:5): expected: #EOF, #Language, #TagLine, #FeatureLine, #Comment, #Empty, got 'Given Chrome is opened and Asian Paints app is opened'
(3:5): expected: #EOF, #Language, #TagLine, #FeatureLine, #Comment, #Empty, got 'When User search the product'
(4:4): expected: #EOF, #Language, #TagLine, #FeatureLine, #Comment, #Empty, got 'Then User navigates to the Product List page'
(5:5): expected: #EOF, #Language, #TagLine, #FeatureLine, #Comment, #Empty, got 'When User fills the pincode from given sheetname "<SheetName>" and rownumber <RowNumber>'
(6:5): expected: #EOF, #Language, #TagLine, #FeatureLine, #Comment, #Empty, got 'And User clicks on Go button'
(7:5): expected: #EOF, #Language, #TagLine, #FeatureLine, #Comment, #Empty, got 'Then Application shows the stores near you'
(9:5): expected: #EOF, #Language, #TagLine, #FeatureLine, #Comment, #Empty, got 'Examples:'
(10:5): expected: #EOF, #Language, #TagLine, #FeatureLine, #Comment, #Empty, got '| SheetName | RowNumber |'
(11:4): expected: #EOF, #Language, #TagLine, #FeatureLine, #Comment, #Empty, got '| Sheet1    | 0         |'
(12:4): expected: #EOF, #Language, #TagLine, #FeatureLine, #Comment, #Empty, got '| Sheet1    | 1         |'
at io.cucumber.core.gherkin.messages.GherkinMessagesFeatureParser.parse(GherkinMessagesFeatureParser.java:56)
at io.cucumber.core.feature.FeatureParser.parseResource(FeatureParser.java:46)
at java.base/java.util.function.BiFunction.lambda$andThen$0(BiFunction.java:70)
at io.cucumber.core.resource.ResourceScanner.lambda$processResource$1(ResourceScanner.java:79)
at io.cucumber.core.resource.PathScanner$ResourceFileVisitor.visitFile(PathScanner.java:75)
at io.cucumber.core.resource.PathScanner$ResourceFileVisitor.visitFile(PathScanner.java:60)
at java.base/java.nio.file.Files.walkFileTree(Files.java:2811)
at io.cucumber.core.resource.PathScanner.findResourcesForPath(PathScanner.java:53)
at io.cucumber.core.resource.PathScanner.findResourcesForUri(PathScanner.java:31)
at io.cucumber.core.resource.ResourceScanner.findResourcesForUri(ResourceScanner.java:61)
at io.cucumber.core.resource.ResourceScanner.scanForResourcesUri(ResourceScanner.java:134)
at io.cucumber.core.runtime.FeaturePathFeatureSupplier.loadFeatures(FeaturePathFeatureSupplier.java:62)
at io.cucumber.core.runtime.FeaturePathFeatureSupplier.get(FeaturePathFeatureSupplier.java:45)
at io.cucumber.testng.TestNGCucumberRunner.<init>(TestNGCucumberRunner.java:122)
at io.cucumber.testng.AbstractTestNGCucumberTests.setUpClass(AbstractTestNGCucumberTests.java:27)
at java.base/jdk.internal.reflect.NativeMethodAccessorImpl.invoke0(Native Method)
at java.base/jdk.internal.reflect.NativeMethodAccessorImpl.invoke(NativeMethodAccessorImpl.java:77)
at java.base/jdk.internal.reflect.DelegatingMethodAccessorImpl.invoke(DelegatingMethodAccessorImpl.java:43)
at java.base/java.lang.reflect.Method.invoke(Method.java:568)
at org.testng.internal.MethodInvocationHelper.invokeMethod(MethodInvocationHelper.java:133)
at org.testng.internal.MethodInvocationHelper.invokeMethodConsideringTimeout(MethodInvocationHelper.java:62)
at org.testng.internal.ConfigInvoker.invokeConfigurationMethod(ConfigInvoker.java:385)
at org.testng.internal.ConfigInvoker.invokeConfigurations(ConfigInvoker.java:321)
at org.testng.internal.TestMethodWorker.invokeBeforeClassMethods(TestMethodWorker.java:176)
at org.testng.internal.TestMethodWorker.run(TestMethodWorker.java:122)
at java.base/java.util.ArrayList.forEach(ArrayList.java:1511)
at org.testng.TestRunner.privateRun(TestRunner.java:794)
at org.testng.TestRunner.run(TestRunner.java:596)
at org.testng.SuiteRunner.runTest(SuiteRunner.java:377)
at org.testng.SuiteRunner.runSequentially(SuiteRunner.java:371)
at org.testng.SuiteRunner.privateRun(SuiteRunner.java:332)
at org.testng.SuiteRunner.run(SuiteRunner.java:276)
at org.testng.SuiteRunnerWorker.runSuite(SuiteRunnerWorker.java:53)
at org.testng.SuiteRunnerWorker.run(SuiteRunnerWorker.java:96)
at org.testng.TestNG.runSuitesSequentially(TestNG.java:1212)
at org.testng.TestNG.runSuitesLocally(TestNG.java:1134)
at org.testng.TestNG.runSuites(TestNG.java:1063)
at org.testng.TestNG.run(TestNG.java:1031)
at org.testng.remote.AbstractRemoteTestNG.run(AbstractRemoteTestNG.java:115)
at org.testng.remote.RemoteTestNG.initAndRun(RemoteTestNG.java:251)
at org.testng.remote.RemoteTestNG.main(RemoteTestNG.java:77)
]]>
    </error>
  </testcase> <!-- setUpClass -->
  <system-out/>
</testsuite> <!-- testrunner.LandingPage_TestRunner_Excel -->
