<?xml version="1.0" encoding="UTF-8"?>
<!-- Generated by org.testng.reporters.JUnitReportReporter -->
<testsuite hostname="LIN41004776" failures="1" tests="3" name="testrunner.LandingPage_TestRunner" time="105.412" errors="0" timestamp="2023-06-08T22:53:10 IST" skipped="0">
  <testcase classname="testrunner.LandingPage_TestRunner" name="runScenario" time="23.710"/>
  <system-out/>
  <testcase classname="testrunner.LandingPage_TestRunner" name="runScenario" time="49.024">
    <failure message="expected [] but found [Store Locator: Design Solutions for a Beautiful Home Makeover - Asian Paints]" type="java.lang.AssertionError">
      <![CDATA[java.lang.AssertionError: expected [] but found [Store Locator: Design Solutions for a Beautiful Home Makeover - Asian Paints]
at org.testng.Assert.fail(Assert.java:110)
at org.testng.Assert.failNotEquals(Assert.java:1577)
at org.testng.Assert.assertEqualsImpl(Assert.java:149)
at org.testng.Assert.assertEquals(Assert.java:131)
at org.testng.Assert.assertEquals(Assert.java:655)
at org.testng.Assert.assertEquals(Assert.java:665)
at landingpage_stepdefinitions.LandingPage_Stepdefinitions1.user_is_should_able_to_enter_the_pincode(LandingPage_Stepdefinitions1.java:144)
at âœ½.User is Should able to Enter the pincode(file:///C:/Users/HEYANDRA/eclipse-workspace-Sprint/AsianPaints_LandingPage_Hemakiran_Yandra/src/test/resources/features/LandingPage1.feature:16)
]]>
    </failure>
  </testcase> <!-- runScenario -->
  <system-out/>
  <testcase classname="testrunner.LandingPage_TestRunner" name="runScenario" time="32.678"/>
  <system-out/>
</testsuite> <!-- testrunner.LandingPage_TestRunner -->
